<?xml version="1.0" encoding="UTF-8"?>
<coverage generated="1580191621801" clover="3.2.0">
  <project timestamp="1580191621801" name="All files">
    <metrics statements="28" coveredstatements="11" conditionals="16" coveredconditionals="4" methods="11" coveredmethods="5" elements="55" coveredelements="20" complexity="0" loc="28" ncloc="28" packages="2" files="3" classes="3"/>
    <package name="components">
      <metrics statements="8" coveredstatements="8" conditionals="4" coveredconditionals="4" methods="4" coveredmethods="4"/>
      <file name="ErrorBoundary.tsx" path="/Users/markstevens/dev/projects/react-ts/src/common/components/ErrorBoundary.tsx">
        <metrics statements="8" coveredstatements="8" conditionals="4" coveredconditionals="4" methods="4" coveredmethods="4"/>
        <line num="48" count="3" type="stmt"/>
        <line num="49" count="3" type="stmt"/>
        <line num="58" count="2" type="stmt"/>
        <line num="70" count="2" type="stmt"/>
        <line num="84" count="5" type="stmt"/>
        <line num="85" count="5" type="cond" truecount="2" falsecount="0"/>
        <line num="86" count="2" type="cond" truecount="2" falsecount="0"/>
        <line num="95" count="3" type="stmt"/>
      </file>
    </package>
    <package name="utils">
      <metrics statements="20" coveredstatements="3" conditionals="12" coveredconditionals="0" methods="7" coveredmethods="1"/>
      <file name="event.ts" path="/Users/markstevens/dev/projects/react-ts/src/common/utils/event.ts">
        <metrics statements="0" coveredstatements="0" conditionals="0" coveredconditionals="0" methods="0" coveredmethods="0"/>
      </file>
      <file name="logger.ts" path="/Users/markstevens/dev/projects/react-ts/src/common/utils/logger.ts">
        <metrics statements="20" coveredstatements="3" conditionals="12" coveredconditionals="0" methods="7" coveredmethods="1"/>
        <line num="13" count="1" type="stmt"/>
        <line num="15" count="0" type="stmt"/>
        <line num="16" count="0" type="cond" truecount="0" falsecount="2"/>
        <line num="17" count="0" type="cond" truecount="0" falsecount="4"/>
        <line num="18" count="0" type="stmt"/>
        <line num="20" count="0" type="cond" truecount="0" falsecount="2"/>
        <line num="21" count="0" type="stmt"/>
        <line num="22" count="0" type="stmt"/>
        <line num="23" count="0" type="stmt"/>
        <line num="25" count="0" type="cond" truecount="0" falsecount="2"/>
        <line num="28" count="0" type="stmt"/>
        <line num="30" count="0" type="stmt"/>
        <line num="31" count="0" type="stmt"/>
        <line num="43" count="1" type="stmt"/>
        <line num="45" count="0" type="stmt"/>
        <line num="49" count="0" type="stmt"/>
        <line num="53" count="2" type="stmt"/>
        <line num="81" count="0" type="stmt"/>
        <line num="91" count="0" type="cond" truecount="0" falsecount="2"/>
        <line num="92" count="0" type="stmt"/>
      </file>
    </package>
  </project>
</coverage>
