{
  "/Users/markstevens/dev/projects/react-ts/src/common/components/ErrorBoundary.tsx": {
    "path": "/Users/markstevens/dev/projects/react-ts/src/common/components/ErrorBoundary.tsx",
    "statementMap": {
      "0": {
        "start": { "line": 48, "column": 4 },
        "end": { "line": 48, "column": 17 }
      },
      "1": {
        "start": { "line": 49, "column": 4 },
        "end": { "line": 49, "column": 37 }
      },
      "2": {
        "start": { "line": 58, "column": 4 },
        "end": { "line": 58, "column": 30 }
      },
      "3": {
        "start": { "line": 70, "column": 4 },
        "end": { "line": 73, "column": 6 }
      },
      "4": {
        "start": { "line": 84, "column": 45 },
        "end": { "line": 84, "column": 55 }
      },
      "5": {
        "start": { "line": 85, "column": 4 },
        "end": { "line": 93, "column": 5 }
      },
      "6": {
        "start": { "line": 86, "column": 6 },
        "end": { "line": 92, "column": 8 }
      },
      "7": {
        "start": { "line": 95, "column": 4 },
        "end": { "line": 95, "column": 20 }
      }
    },
    "fnMap": {
      "0": {
        "name": "(anonymous_0)",
        "decl": {
          "start": { "line": 47, "column": 2 },
          "end": { "line": 47, "column": 3 }
        },
        "loc": {
          "start": { "line": 47, "column": 41 },
          "end": { "line": 50, "column": 3 }
        },
        "line": 47
      },
      "1": {
        "name": "(anonymous_1)",
        "decl": {
          "start": { "line": 57, "column": 2 },
          "end": { "line": 57, "column": 3 }
        },
        "loc": {
          "start": { "line": 57, "column": 56 },
          "end": { "line": 59, "column": 3 }
        },
        "line": 57
      },
      "2": {
        "name": "(anonymous_2)",
        "decl": {
          "start": { "line": 69, "column": 2 },
          "end": { "line": 69, "column": 3 }
        },
        "loc": {
          "start": { "line": 69, "column": 62 },
          "end": { "line": 74, "column": 3 }
        },
        "line": 69
      },
      "3": {
        "name": "(anonymous_3)",
        "decl": {
          "start": { "line": 83, "column": 2 },
          "end": { "line": 83, "column": 3 }
        },
        "loc": {
          "start": { "line": 83, "column": 36 },
          "end": { "line": 96, "column": 3 }
        },
        "line": 83
      }
    },
    "branchMap": {
      "0": {
        "loc": {
          "start": { "line": 85, "column": 4 },
          "end": { "line": 93, "column": 5 }
        },
        "type": "if",
        "locations": [
          {
            "start": { "line": 85, "column": 4 },
            "end": { "line": 93, "column": 5 }
          },
          {
            "start": { "line": 85, "column": 4 },
            "end": { "line": 93, "column": 5 }
          }
        ],
        "line": 85
      },
      "1": {
        "loc": {
          "start": { "line": 86, "column": 13 },
          "end": { "line": 92, "column": 7 }
        },
        "type": "cond-expr",
        "locations": [
          {
            "start": { "line": 87, "column": 8 },
            "end": { "line": 87, "column": 20 }
          },
          {
            "start": { "line": 89, "column": 8 },
            "end": { "line": 91, "column": 14 }
          }
        ],
        "line": 86
      }
    },
    "s": { "0": 3, "1": 3, "2": 2, "3": 2, "4": 5, "5": 5, "6": 2, "7": 3 },
    "f": { "0": 3, "1": 2, "2": 2, "3": 5 },
    "b": { "0": [2, 3], "1": [1, 1] },
    "_coverageSchema": "1a1c01bbd47fc00a2c39e90264f33305004495a9",
    "hash": "f8b1dea17d34c9c33a64990a1951544d6c39fae7"
  },
  "/Users/markstevens/dev/projects/react-ts/src/common/utils/event.ts": {
    "path": "/Users/markstevens/dev/projects/react-ts/src/common/utils/event.ts",
    "statementMap": {},
    "fnMap": {},
    "branchMap": {},
    "s": {},
    "f": {},
    "b": {},
    "_coverageSchema": "1a1c01bbd47fc00a2c39e90264f33305004495a9",
    "hash": "e42e3b0d771a9246c306c25b1f109cf1e7a5b0fe"
  },
  "/Users/markstevens/dev/projects/react-ts/src/common/utils/logger.ts": {
    "path": "/Users/markstevens/dev/projects/react-ts/src/common/utils/logger.ts",
    "statementMap": {
      "0": {
        "start": { "line": 13, "column": 27 },
        "end": { "line": 35, "column": 1 }
      },
      "1": {
        "start": { "line": 15, "column": 19 },
        "end": { "line": 26, "column": 5 }
      },
      "2": {
        "start": { "line": 16, "column": 6 },
        "end": { "line": 16, "column": 35 }
      },
      "3": {
        "start": { "line": 16, "column": 23 },
        "end": { "line": 16, "column": 35 }
      },
      "4": {
        "start": { "line": 17, "column": 6 },
        "end": { "line": 19, "column": 7 }
      },
      "5": {
        "start": { "line": 18, "column": 8 },
        "end": { "line": 18, "column": 30 }
      },
      "6": {
        "start": { "line": 20, "column": 6 },
        "end": { "line": 20, "column": 76 }
      },
      "7": {
        "start": { "line": 20, "column": 54 },
        "end": { "line": 20, "column": 76 }
      },
      "8": {
        "start": { "line": 21, "column": 22 },
        "end": { "line": 21, "column": 24 }
      },
      "9": {
        "start": { "line": 22, "column": 6 },
        "end": { "line": 24, "column": 7 }
      },
      "10": {
        "start": { "line": 23, "column": 8 },
        "end": { "line": 23, "column": 36 }
      },
      "11": {
        "start": { "line": 25, "column": 6 },
        "end": { "line": 25, "column": 31 }
      },
      "12": {
        "start": { "line": 28, "column": 4 },
        "end": { "line": 33, "column": 14 }
      },
      "13": {
        "start": { "line": 30, "column": 8 },
        "end": { "line": 30, "column": 62 }
      },
      "14": {
        "start": { "line": 31, "column": 8 },
        "end": { "line": 31, "column": 26 }
      },
      "15": {
        "start": { "line": 43, "column": 22 },
        "end": { "line": 95, "column": 1 }
      },
      "16": {
        "start": { "line": 45, "column": 4 },
        "end": { "line": 45, "column": 22 }
      },
      "17": {
        "start": { "line": 49, "column": 4 },
        "end": { "line": 49, "column": 39 }
      },
      "18": {
        "start": { "line": 53, "column": 4 },
        "end": { "line": 53, "column": 48 }
      },
      "19": {
        "start": { "line": 81, "column": 19 },
        "end": { "line": 89, "column": 6 }
      },
      "20": {
        "start": { "line": 91, "column": 4 },
        "end": { "line": 93, "column": 5 }
      },
      "21": {
        "start": { "line": 92, "column": 6 },
        "end": { "line": 92, "column": 27 }
      }
    },
    "fnMap": {
      "0": {
        "name": "(anonymous_0)",
        "decl": {
          "start": { "line": 14, "column": 22 },
          "end": { "line": 14, "column": 23 }
        },
        "loc": {
          "start": { "line": 14, "column": 60 },
          "end": { "line": 34, "column": 3 }
        },
        "line": 14
      },
      "1": {
        "name": "(anonymous_1)",
        "decl": {
          "start": { "line": 15, "column": 19 },
          "end": { "line": 15, "column": 20 }
        },
        "loc": {
          "start": { "line": 15, "column": 48 },
          "end": { "line": 26, "column": 5 }
        },
        "line": 15
      },
      "2": {
        "name": "(anonymous_2)",
        "decl": {
          "start": { "line": 29, "column": 14 },
          "end": { "line": 29, "column": 15 }
        },
        "loc": {
          "start": { "line": 29, "column": 39 },
          "end": { "line": 32, "column": 7 }
        },
        "line": 29
      },
      "3": {
        "name": "(anonymous_3)",
        "decl": {
          "start": { "line": 44, "column": 8 },
          "end": { "line": 44, "column": 9 }
        },
        "loc": {
          "start": { "line": 44, "column": 31 },
          "end": { "line": 46, "column": 3 }
        },
        "line": 44
      },
      "4": {
        "name": "(anonymous_4)",
        "decl": {
          "start": { "line": 48, "column": 9 },
          "end": { "line": 48, "column": 10 }
        },
        "loc": {
          "start": { "line": 48, "column": 42 },
          "end": { "line": 50, "column": 3 }
        },
        "line": 48
      },
      "5": {
        "name": "(anonymous_5)",
        "decl": {
          "start": { "line": 52, "column": 9 },
          "end": { "line": 52, "column": 10 }
        },
        "loc": {
          "start": { "line": 52, "column": 46 },
          "end": { "line": 54, "column": 3 }
        },
        "line": 52
      },
      "6": {
        "name": "(anonymous_6)",
        "decl": {
          "start": { "line": 72, "column": 11 },
          "end": { "line": 72, "column": 12 }
        },
        "loc": {
          "start": { "line": 80, "column": 13 },
          "end": { "line": 94, "column": 3 }
        },
        "line": 80
      }
    },
    "branchMap": {
      "0": {
        "loc": {
          "start": { "line": 16, "column": 6 },
          "end": { "line": 16, "column": 35 }
        },
        "type": "if",
        "locations": [
          {
            "start": { "line": 16, "column": 6 },
            "end": { "line": 16, "column": 35 }
          },
          {
            "start": { "line": 16, "column": 6 },
            "end": { "line": 16, "column": 35 }
          }
        ],
        "line": 16
      },
      "1": {
        "loc": {
          "start": { "line": 17, "column": 6 },
          "end": { "line": 19, "column": 7 }
        },
        "type": "if",
        "locations": [
          {
            "start": { "line": 17, "column": 6 },
            "end": { "line": 19, "column": 7 }
          },
          {
            "start": { "line": 17, "column": 6 },
            "end": { "line": 19, "column": 7 }
          }
        ],
        "line": 17
      },
      "2": {
        "loc": {
          "start": { "line": 17, "column": 10 },
          "end": { "line": 17, "column": 60 }
        },
        "type": "binary-expr",
        "locations": [
          {
            "start": { "line": 17, "column": 10 },
            "end": { "line": 17, "column": 33 }
          },
          {
            "start": { "line": 17, "column": 37 },
            "end": { "line": 17, "column": 60 }
          }
        ],
        "line": 17
      },
      "3": {
        "loc": {
          "start": { "line": 20, "column": 6 },
          "end": { "line": 20, "column": 76 }
        },
        "type": "if",
        "locations": [
          {
            "start": { "line": 20, "column": 6 },
            "end": { "line": 20, "column": 76 }
          },
          {
            "start": { "line": 20, "column": 6 },
            "end": { "line": 20, "column": 76 }
          }
        ],
        "line": 20
      },
      "4": {
        "loc": {
          "start": { "line": 25, "column": 13 },
          "end": { "line": 25, "column": 30 }
        },
        "type": "binary-expr",
        "locations": [
          {
            "start": { "line": 25, "column": 13 },
            "end": { "line": 25, "column": 22 }
          },
          {
            "start": { "line": 25, "column": 26 },
            "end": { "line": 25, "column": 30 }
          }
        ],
        "line": 25
      },
      "5": {
        "loc": {
          "start": { "line": 91, "column": 4 },
          "end": { "line": 93, "column": 5 }
        },
        "type": "if",
        "locations": [
          {
            "start": { "line": 91, "column": 4 },
            "end": { "line": 93, "column": 5 }
          },
          {
            "start": { "line": 91, "column": 4 },
            "end": { "line": 93, "column": 5 }
          }
        ],
        "line": 91
      }
    },
    "s": {
      "0": 1,
      "1": 0,
      "2": 0,
      "3": 0,
      "4": 0,
      "5": 0,
      "6": 0,
      "7": 0,
      "8": 0,
      "9": 0,
      "10": 0,
      "11": 0,
      "12": 0,
      "13": 0,
      "14": 0,
      "15": 1,
      "16": 0,
      "17": 0,
      "18": 2,
      "19": 0,
      "20": 0,
      "21": 0
    },
    "f": { "0": 0, "1": 0, "2": 0, "3": 0, "4": 0, "5": 2, "6": 0 },
    "b": {
      "0": [0, 0],
      "1": [0, 0],
      "2": [0, 0],
      "3": [0, 0],
      "4": [0, 0],
      "5": [0, 0]
    },
    "_coverageSchema": "1a1c01bbd47fc00a2c39e90264f33305004495a9",
    "hash": "41c75c4a6ad6b4da871bfd6c6334b54b6e1f9703"
  }
}
