TN:
SF:src/common/components/ErrorBoundary.tsx
FN:47,(anonymous_0)
FN:57,(anonymous_1)
FN:69,(anonymous_2)
FN:83,(anonymous_3)
FNF:4
FNH:4
FNDA:3,(anonymous_0)
FNDA:2,(anonymous_1)
FNDA:2,(anonymous_2)
FNDA:5,(anonymous_3)
DA:48,3
DA:49,3
DA:58,2
DA:70,2
DA:84,5
DA:85,5
DA:86,2
DA:95,3
LF:8
LH:8
BRDA:85,0,0,2
BRDA:85,0,1,3
BRDA:86,1,0,1
BRDA:86,1,1,1
BRF:4
BRH:4
end_of_record
TN:
SF:src/common/utils/event.ts
FNF:0
FNH:0
LF:0
LH:0
BRF:0
BRH:0
end_of_record
TN:
SF:src/common/utils/logger.ts
FN:14,(anonymous_0)
FN:15,(anonymous_1)
FN:29,(anonymous_2)
FN:44,(anonymous_3)
FN:48,(anonymous_4)
FN:52,(anonymous_5)
FN:72,(anonymous_6)
FNF:7
FNH:1
FNDA:0,(anonymous_0)
FNDA:0,(anonymous_1)
FNDA:0,(anonymous_2)
FNDA:0,(anonymous_3)
FNDA:0,(anonymous_4)
FNDA:2,(anonymous_5)
FNDA:0,(anonymous_6)
DA:13,1
DA:15,0
DA:16,0
DA:17,0
DA:18,0
DA:20,0
DA:21,0
DA:22,0
DA:23,0
DA:25,0
DA:28,0
DA:30,0
DA:31,0
DA:43,1
DA:45,0
DA:49,0
DA:53,2
DA:81,0
DA:91,0
DA:92,0
LF:20
LH:3
BRDA:16,0,0,0
BRDA:16,0,1,0
BRDA:17,1,0,0
BRDA:17,1,1,0
BRDA:17,2,0,0
BRDA:17,2,1,0
BRDA:20,3,0,0
BRDA:20,3,1,0
BRDA:25,4,0,0
BRDA:25,4,1,0
BRDA:91,5,0,0
BRDA:91,5,1,0
BRF:12
BRH:0
end_of_record
